#
# A fatal error has been detected by the Java Runtime Environment:
#
#  SIGSEGV (0xb) at pc=0x00007fff718bc678, pid=42678, tid=5635
#
# JRE version: OpenJDK Runtime Environment (14.0.2+12) (build 14.0.2+12-46)
# Java VM: OpenJDK 64-Bit Server VM (14.0.2+12-46, mixed mode, sharing, tiered, compressed oops, g1 gc, bsd-amd64)
# Problematic frame:
# C  [libobjc.A.dylib+0x8678]  objc_release+0x18
#
# No core dump will be written. Core dumps have been disabled. To enable core dumping, try "ulimit -c unlimited" before starting Java again
#
# If you would like to submit a bug report, please visit:
#   https://bugreport.java.com/bugreport/crash.jsp
# The crash happened outside the Java Virtual Machine in native code.
# See problematic frame for where to report the bug.
#

---------------  S U M M A R Y ------------

Command Line: -Djava.library.path=lib -javaagent:/Applications/IntelliJ IDEA CE.app/Contents/lib/idea_rt.jar=63927:/Applications/IntelliJ IDEA CE.app/Contents/bin -Dfile.encoding=UTF-8 fr.rphstudio.codingdojo.launcher.MainLauncher -window

Host: MacBookPro16,3 x86_64 1400 MHz, 8 cores, 8G, Darwin 19.6.0
Time: Fri Sep 18 15:44:38 2020 CEST elapsed time: 1 seconds (0d 0h 0m 1s)

---------------  T H R E A D  ---------------

Current thread (0x00007fb0b1817000):  JavaThread "main" [_thread_in_native, id=5635, stack(0x0000700006a9f000,0x0000700006b9f000)]

Stack: [0x0000700006a9f000,0x0000700006b9f000],  sp=0x0000700006b9e318,  free space=1020k
Native frames: (J=compiled Java code, A=aot compiled Java code, j=interpreted, Vv=VM code, C=native code)
C  [libobjc.A.dylib+0x8678]  objc_release+0x18
C  [libobjc.A.dylib+0x8dba]  objc_autoreleasePoolPop+0xaf
C  [CoreFoundation+0x41a85]  _CFAutoreleasePoolPop+0x16
C  [Foundation+0x1eac1]  -[NSAutoreleasePool release]+0x81
j  org.lwjgl.opengl.MacOSXContextImplementation.setView(Ljava/nio/ByteBuffer;Ljava/nio/ByteBuffer;)V+0
j  org.lwjgl.opengl.MacOSXContextImplementation.makeCurrent(Lorg/lwjgl/opengl/PeerInfo;Ljava/nio/ByteBuffer;)V+7
j  org.lwjgl.opengl.ContextGL.makeCurrent()V+46
j  org.lwjgl.opengl.DrawableGL.makeCurrent()V+14
j  org.lwjgl.opengl.Display.makeCurrent()V+3
j  org.lwjgl.opengl.Display.makeCurrentAndSetSwapInterval()V+0
j  org.lwjgl.opengl.Display.create(Lorg/lwjgl/opengl/PixelFormat;Lorg/lwjgl/opengl/Drawable;Lorg/lwjgl/opengl/ContextAttribs;)V+108
j  org.lwjgl.opengl.Display.create(Lorg/lwjgl/opengl/PixelFormat;)V+12
j  org.newdawn.slick.AppGameContainer.tryCreateDisplay(Lorg/lwjgl/opengl/PixelFormat;)V+7
j  org.newdawn.slick.AppGameContainer.access$000(Lorg/newdawn/slick/AppGameContainer;Lorg/lwjgl/opengl/PixelFormat;)V+2
j  org.newdawn.slick.AppGameContainer$2.run()Ljava/lang/Object;+36
j  java.security.AccessController.executePrivileged(Ljava/security/PrivilegedAction;Ljava/security/AccessControlContext;Ljava/lang/Class;)Ljava/lang/Object;+29 java.base@14.0.2
j  java.security.AccessController.doPrivileged(Ljava/security/PrivilegedAction;)Ljava/lang/Object;+5 java.base@14.0.2
j  org.newdawn.slick.AppGameContainer.setup()V+112
j  org.newdawn.slick.AppGameContainer.start()V+1
j  fr.rphstudio.codingdojo.launcher.MainLauncher.main([Ljava/lang/String;)V+133
v  ~StubRoutines::call_stub
V  [libjvm.dylib+0x34b706]  _ZN9JavaCalls11call_helperEP9JavaValueRK12methodHandleP17JavaCallArgumentsP6Thread+0x256
V  [libjvm.dylib+0x38fdc9]  _ZL17jni_invoke_staticP7JNIEnv_P9JavaValueP8_jobject11JNICallTypeP10_jmethodIDP18JNI_ArgumentPusherP6Thread+0x11c
V  [libjvm.dylib+0x3936ac]  jni_CallStaticVoidMethod+0x1b3
C  [libjli.dylib+0x4a42]  JavaMain+0xab4
C  [libjli.dylib+0x6d4a]  ThreadJavaMain+0x9
C  [libsystem_pthread.dylib+0x6109]  _pthread_start+0x94
C  [libsystem_pthread.dylib+0x1b8b]  thread_start+0xf

Java frames: (J=compiled Java code, j=interpreted, Vv=VM code)
j  org.lwjgl.opengl.MacOSXContextImplementation.setView(Ljava/nio/ByteBuffer;Ljava/nio/ByteBuffer;)V+0
j  org.lwjgl.opengl.MacOSXContextImplementation.makeCurrent(Lorg/lwjgl/opengl/PeerInfo;Ljava/nio/ByteBuffer;)V+7
j  org.lwjgl.opengl.ContextGL.makeCurrent()V+46
j  org.lwjgl.opengl.DrawableGL.makeCurrent()V+14
j  org.lwjgl.opengl.Display.makeCurrent()V+3
j  org.lwjgl.opengl.Display.makeCurrentAndSetSwapInterval()V+0
j  org.lwjgl.opengl.Display.create(Lorg/lwjgl/opengl/PixelFormat;Lorg/lwjgl/opengl/Drawable;Lorg/lwjgl/opengl/ContextAttribs;)V+108
j  org.lwjgl.opengl.Display.create(Lorg/lwjgl/opengl/PixelFormat;)V+12
j  org.newdawn.slick.AppGameContainer.tryCreateDisplay(Lorg/lwjgl/opengl/PixelFormat;)V+7
j  org.newdawn.slick.AppGameContainer.access$000(Lorg/newdawn/slick/AppGameContainer;Lorg/lwjgl/opengl/PixelFormat;)V+2
j  org.newdawn.slick.AppGameContainer$2.run()Ljava/lang/Object;+36
j  java.security.AccessController.executePrivileged(Ljava/security/PrivilegedAction;Ljava/security/AccessControlContext;Ljava/lang/Class;)Ljava/lang/Object;+29 java.base@14.0.2
j  java.security.AccessController.doPrivileged(Ljava/security/PrivilegedAction;)Ljava/lang/Object;+5 java.base@14.0.2
j  org.newdawn.slick.AppGameContainer.setup()V+112
j  org.newdawn.slick.AppGameContainer.start()V+1
j  fr.rphstudio.codingdojo.launcher.MainLauncher.main([Ljava/lang/String;)V+133
v  ~StubRoutines::call_stub

siginfo: si_signo: 11 (SIGSEGV), si_code: 1 (SEGV_MAPERR), si_addr: 0x0000000000000020

Register to memory mapping:

RAX=0x0 is NULL
RBX=0x00007fb0b288f000 points into unknown readable memory: a1 a1 a1 a1 41 55 54 4f
RCX=0x00007fb0b288f120 points into unknown readable memory: a3 a3 a3 a3 a3 a3 a3 a3
RDX=0x0000000000000007 is an unknown value
RSP=0x0000700006b9e318 is pointing into the stack for thread: 0x00007fb0b1817000
RBP=0x0000700006b9e340 is pointing into the stack for thread: 0x00007fb0b1817000
RSI=0x00007fb0b1790a90 points into unknown readable memory: 07 e7 79 b1 b0 ff 3d 00
RDI=0x00007fb0b16d4a10 points into unknown readable memory: 00 00 00 00 00 00 00 80
R8 =0x00000000000130a8 is an unknown value
R9 =0x0 is NULL
R10=0x00007fb0b179e700 points into unknown readable memory: b0 fc 79 b1 b0 7f 00 00
R11=0x00007fff35dd7eed: -[NSResponder release]+0 in /System/Library/Frameworks/AppKit.framework/Versions/C/AppKit at 0x00007fff35dcd000
R12=0x0 is NULL
R13=0x000000010f785c58 is pointing into metadata
R14=0x00007fb0b288f100 points into unknown readable memory: 00 00 00 00 00 00 00 00
R15=0xa3a3a3a3a3a3a3a3 is an unknown value


Registers:
RAX=0x0000000000000000, RBX=0x00007fb0b288f000, RCX=0x00007fb0b288f120, RDX=0x0000000000000007
RSP=0x0000700006b9e318, RBP=0x0000700006b9e340, RSI=0x00007fb0b1790a90, RDI=0x00007fb0b16d4a10
R8 =0x00000000000130a8, R9 =0x0000000000000000, R10=0x00007fb0b179e700, R11=0x00007fff35dd7eed
R12=0x0000000000000000, R13=0x000000010f785c58, R14=0x00007fb0b288f100, R15=0xa3a3a3a3a3a3a3a3
RIP=0x00007fff718bc678, EFLAGS=0x0000000000010246, ERR=0x0000000000000004
  TRAPNO=0x000000000000000e

Top of Stack: (sp=0x0000700006b9e318)
0x0000700006b9e318:   00007fff718d8054 0000000000000000
0x0000700006b9e328:   00007fb0b288f000 00007fff7cdf2dd3
0x0000700006b9e338:   00007fb0b1817000 0000700006b9e360
0x0000700006b9e348:   00007fff718bcdba 0000000000000000
0x0000700006b9e358:   00007fb0b288f100 0000700006b9e380
0x0000700006b9e368:   00007fff38b5ba85 0000000000000000
0x0000700006b9e378:   00007fb0b440c310 0000700006b9e3c0
0x0000700006b9e388:   00007fff3b1f5ac1 0000700006b9e3c0
0x0000700006b9e398:   000000012ded6804 000000010f785c60
0x0000700006b9e3a8:   68b81d18b3250034 000000010f785c60
0x0000700006b9e3b8:   0000700006b9e450 0000700006b9e428
0x0000700006b9e3c8:   0000000119b2e6b0 000000010f785c60
0x0000700006b9e3d8:   0000000119b2e3b6 0000700006b9e3e0
0x0000700006b9e3e8:   000000010f785c58 0000700006b9e450
0x0000700006b9e3f8:   000000010f786208 0000000000000000
0x0000700006b9e408:   000000078780a470 000000010f785c60
0x0000700006b9e418:   0000000000000000 0000700006b9e448
0x0000700006b9e428:   0000700006b9e4a0 0000000119b28ef3
0x0000700006b9e438:   000000078780a470 0000000119b2b758
0x0000700006b9e448:   0000000787814520 000000078791aa88
0x0000700006b9e458:   0000700006b9e458 000000010f785b57
0x0000700006b9e468:   0000700006b9e4d0 000000010f786208
0x0000700006b9e478:   0000000000000000 000000078780a470
0x0000700006b9e488:   000000010f785bc8 0000700006b9e448
0x0000700006b9e498:   0000700006b9e4c0 0000700006b9e530
0x0000700006b9e4a8:   0000000119b28f38 0000000000000000
0x0000700006b9e4b8:   000000078791aa88 0000000787814520
0x0000700006b9e4c8:   000000078791a9c8 000000078780a598
0x0000700006b9e4d8:   0000000119b2d9a4 000000078780a5a8
0x0000700006b9e4e8:   0000700006b9e4d8 000000010f783386
0x0000700006b9e4f8:   0000700006b9e540 000000010f7842c8
0x0000700006b9e508:   0000000000000000 0000000787804c38 

Instructions: (pc=0x00007fff718bc678)
0x00007fff718bc578:   90 90 90 90 90 90 66 83 7f 0e 00 74 03 31 c0 c3
0x00007fff718bc588:   48 8b 07 8b 57 08 48 8d 0d ab db 01 00 85 d2 74
0x00007fff718bc598:   38 8b 57 08 ff c2 81 fa 02 04 00 00 72 2b 31 f6
0x00007fff718bc5a8:   89 d7 48 89 f1 d1 ef 48 ff c6 83 fa 03 89 fa 77
0x00007fff718bc5b8:   f1 3b 35 d9 77 94 27 73 0e 48 8b 15 d8 77 94 27
0x00007fff718bc5c8:   48 8b 4c ca 08 eb 02 31 c9 48 39 c1 0f 94 c0 c3
0x00007fff718bc5d8:   90 90 90 90 90 90 90 90 90 90 90 90 90 90 55 48
0x00007fff718bc5e8:   89 e5 41 56 53 89 fb 41 89 fe 49 c1 e6 04 be 01
0x00007fff718bc5f8:   00 00 00 4c 89 f7 e8 5d d4 01 00 49 89 44 06 f8
0x00007fff718bc608:   49 c7 44 06 f0 01 00 00 00 80 3d 92 79 94 27 00
0x00007fff718bc618:   74 2e 31 c9 83 fb 02 72 14 31 c9 89 da d1 ea ff
0x00007fff718bc628:   c1 83 fb 03 89 d3 77 f5 83 f9 0f 77 0c 89 c9 48
0x00007fff718bc638:   8d 15 12 77 94 27 ff 04 8a 48 ff 05 48 77 94 27
0x00007fff718bc648:   5b 41 5e 5d c3 90 90 90 90 90 90 90 90 90 90 90
0x00007fff718bc658:   90 90 e9 60 3e 00 00 90 48 85 ff 74 64 40 f6 c7
0x00007fff718bc668:   01 75 5e 48 b8 f8 ff ff ff ff 7f 00 00 48 23 07
0x00007fff718bc678:   f6 40 20 04 74 69 48 b9 00 00 00 00 00 00 00 01
0x00007fff718bc688:   48 ba 00 00 00 00 00 00 40 00 48 8b 07 a8 01 74
0x00007fff718bc698:   3e 48 89 c6 48 29 ce 73 21 48 0f ba e0 37 72 4c
0x00007fff718bc6a8:   48 0f ba e0 36 0f 82 ab b0 01 00 48 89 c6 48 09
0x00007fff718bc6b8:   d6 f0 48 0f b1 37 75 d2 eb 08 f0 48 0f b1 37 75
0x00007fff718bc6c8:   c9 c3 48 8b 35 1f 68 94 27 ff 25 a1 49 94 27 f6
0x00007fff718bc6d8:   40 1c 01 75 ec be 01 00 00 00 e9 e7 56 00 00 48
0x00007fff718bc6e8:   8b 35 32 67 94 27 ff 25 84 49 94 27 be 01 00 00
0x00007fff718bc6f8:   00 e9 e8 59 00 00 90 90 90 e9 04 00 00 00 90 90
0x00007fff718bc708:   90 90 55 48 89 e5 53 50 48 89 fb f6 c3 01 75 21
0x00007fff718bc718:   48 b8 07 00 00 00 00 00 a0 00 48 23 03 48 83 f8
0x00007fff718bc728:   01 75 15 48 89 df 48 83 c4 08 5b 5d e9 7b d3 01
0x00007fff718bc738:   00 48 83 c4 08 5b 5d c3 48 89 df e8 3a 00 00 00
0x00007fff718bc748:   eb e1 90 90 90 90 90 90 48 85 ff 74 1c 55 48 89
0x00007fff718bc758:   e5 53 50 48 89 fb e8 1f 00 00 00 48 89 df e8 49
0x00007fff718bc768:   d3 01 00 48 83 c4 08 5b 5d 31 c0 c3 90 90 90 90 


Stack slot to memory mapping:
stack at sp + 0 slots: 0x00007fff718d8054: _ZN19AutoreleasePoolPage12releaseUntilEPP11objc_object+0x86 in /usr/lib/libobjc.A.dylib at 0x00007fff718b4000
stack at sp + 1 slots: 0x0 is NULL
stack at sp + 2 slots: 0x00007fb0b288f000 points into unknown readable memory: a1 a1 a1 a1 41 55 54 4f
stack at sp + 3 slots: 0x00007fff7cdf2dd3: GCC_except_table740+0xb50ef03 in /usr/lib/libobjc.A.dylib at 0x00007fff718b4000
stack at sp + 4 slots: 0x00007fb0b1817000 is a thread
stack at sp + 5 slots: 0x0000700006b9e360 is pointing into the stack for thread: 0x00007fb0b1817000
stack at sp + 6 slots: 0x00007fff718bcdba: objc_autoreleasePoolPop+0xaf in /usr/lib/libobjc.A.dylib at 0x00007fff718b4000
stack at sp + 7 slots: 0x0 is NULL


---------------  P R O C E S S  ---------------

Threads class SMR info:
_java_thread_list=0x00007fb0b1628e70, length=16, elements={
0x00007fb0b1817000, 0x00007fb0b288a000, 0x00007fb0b500a800, 0x00007fb0b288e800,
0x00007fb0b2890800, 0x00007fb0b1864800, 0x00007fb0b2894000, 0x00007fb0b2894800,
0x00007fb0b6013000, 0x00007fb0b291d000, 0x00007fb0b5087000, 0x00007fb0b292b800,
0x00007fb0b1986000, 0x00007fb0b50c7800, 0x00007fb0b50d7000, 0x00007fb0b580a000
}

Java Threads: ( => current thread )
=>0x00007fb0b1817000 JavaThread "main" [_thread_in_native, id=5635, stack(0x0000700006a9f000,0x0000700006b9f000)]
  0x00007fb0b288a000 JavaThread "Reference Handler" daemon [_thread_blocked, id=17411, stack(0x00007000071b4000,0x00007000072b4000)]
  0x00007fb0b500a800 JavaThread "Finalizer" daemon [_thread_blocked, id=16899, stack(0x00007000072b7000,0x00007000073b7000)]
  0x00007fb0b288e800 JavaThread "Signal Dispatcher" daemon [_thread_blocked, id=43267, stack(0x00007000074c0000,0x00007000075c0000)]
  0x00007fb0b2890800 JavaThread "Service Thread" daemon [_thread_blocked, id=42755, stack(0x00007000075c3000,0x00007000076c3000)]
  0x00007fb0b1864800 JavaThread "C2 CompilerThread0" daemon [_thread_blocked, id=41987, stack(0x00007000076c6000,0x00007000077c6000)]
  0x00007fb0b2894000 JavaThread "C1 CompilerThread0" daemon [_thread_blocked, id=41731, stack(0x00007000077c9000,0x00007000078c9000)]
  0x00007fb0b2894800 JavaThread "Sweeper thread" daemon [_thread_blocked, id=41219, stack(0x00007000078cc000,0x00007000079cc000)]
  0x00007fb0b6013000 JavaThread "Common-Cleaner" daemon [_thread_blocked, id=40707, stack(0x00007000079cf000,0x0000700007acf000)]
  0x00007fb0b291d000 JavaThread "Monitor Ctrl-Break" daemon [_thread_in_native, id=24067, stack(0x0000700007ad2000,0x0000700007bd2000)]
  0x00007fb0b5087000 JavaThread "Notification Thread" daemon [_thread_blocked, id=24323, stack(0x0000700007bd5000,0x0000700007cd5000)]
  0x00007fb0b292b800 JavaThread "AppKit Thread" daemon [_thread_in_native, id=775, stack(0x00007ffee6e45000,0x00007ffee7645000)]
  0x00007fb0b1986000 JavaThread "AWT-Shutdown" [_thread_blocked, id=32003, stack(0x0000700007ddb000,0x0000700007edb000)]
  0x00007fb0b50c7800 JavaThread "Java2D Disposer" daemon [_thread_blocked, id=72711, stack(0x00007000081f0000,0x00007000082f0000)]
  0x00007fb0b50d7000 JavaThread "Java2D Queue Flusher" daemon [_thread_blocked, id=56579, stack(0x00007000082f3000,0x00007000083f3000)]
  0x00007fb0b580a000 JavaThread "Attach Listener" daemon [_thread_blocked, id=58883, stack(0x00007000083f6000,0x00007000084f6000)]

Other Threads:
  0x00007fb0b5009800 VMThread "VM Thread" [stack: 0x00007000070b1000,0x00007000071b1000] [id=13059]
  0x00007fb0b5088000 WatcherThread [stack: 0x0000700007cd8000,0x0000700007dd8000] [id=24579]
  0x00007fb0b183c000 GCTaskThread "GC Thread#0" [stack: 0x0000700006ba2000,0x0000700006ca2000] [id=19715]
  0x00007fb0b184d000 ConcurrentGCThread "G1 Main Marker" [stack: 0x0000700006ca5000,0x0000700006da5000] [id=19203]
  0x00007fb0b2808800 ConcurrentGCThread "G1 Conc#0" [stack: 0x0000700006da8000,0x0000700006ea8000] [id=18691]
  0x00007fb0b2873000 ConcurrentGCThread "G1 Refine#0" [stack: 0x0000700006eab000,0x0000700006fab000] [id=18435]
  0x00007fb0b2874000 ConcurrentGCThread "G1 Young RemSet Sampling" [stack: 0x0000700006fae000,0x00007000070ae000] [id=17923]

Threads with active compile tasks:

VM state:not at safepoint (normal execution)

VM Mutex/Monitor currently owned by a thread: None

Heap address: 0x0000000780000000, size: 2048 MB, Compressed Oops mode: Zero based, Oop shift amount: 3
Narrow klass base: 0x0000000800000000, Narrow klass shift: 3
Compressed class space size: 1073741824 Address: 0x0000000800b03000

Heap:
 garbage-first heap   total 133120K, used 7984K [0x0000000780000000, 0x0000000800000000)
  region size 1024K, 8 young (8192K), 0 survivors (0K)
 Metaspace       used 5651K, capacity 5772K, committed 6016K, reserved 1056768K
  class space    used 582K, capacity 628K, committed 640K, reserved 1048576K
Heap Regions: E=young(eden), S=young(survivor), O=old, HS=humongous(starts), HC=humongous(continues), CS=collection set, F=free, OA=open archive, CA=closed archive, TAMS=top-at-mark-start (previous, next)
|   0|0x0000000780000000, 0x0000000780000000, 0x0000000780100000|  0%| F|  |TAMS 0x0000000780000000, 0x0000000780000000| Untracked 
|   1|0x0000000780100000, 0x0000000780100000, 0x0000000780200000|  0%| F|  |TAMS 0x0000000780100000, 0x0000000780100000| Untracked 
|   2|0x0000000780200000, 0x0000000780200000, 0x0000000780300000|  0%| F|  |TAMS 0x0000000780200000, 0x0000000780200000| Untracked 
|   3|0x0000000780300000, 0x0000000780300000, 0x0000000780400000|  0%| F|  |TAMS 0x0000000780300000, 0x0000000780300000| Untracked 
|   4|0x0000000780400000, 0x0000000780400000, 0x0000000780500000|  0%| F|  |TAMS 0x0000000780400000, 0x0000000780400000| Untracked 
|   5|0x0000000780500000, 0x0000000780500000, 0x0000000780600000|  0%| F|  |TAMS 0x0000000780500000, 0x0000000780500000| Untracked 
|   6|0x0000000780600000, 0x0000000780600000, 0x0000000780700000|  0%| F|  |TAMS 0x0000000780600000, 0x0000000780600000| Untracked 
|   7|0x0000000780700000, 0x0000000780700000, 0x0000000780800000|  0%| F|  |TAMS 0x0000000780700000, 0x0000000780700000| Untracked 
|   8|0x0000000780800000, 0x0000000780800000, 0x0000000780900000|  0%| F|  |TAMS 0x0000000780800000, 0x0000000780800000| Untracked 
|   9|0x0000000780900000, 0x0000000780900000, 0x0000000780a00000|  0%| F|  |TAMS 0x0000000780900000, 0x0000000780900000| Untracked 
|  10|0x0000000780a00000, 0x0000000780a00000, 0x0000000780b00000|  0%| F|  |TAMS 0x0000000780a00000, 0x0000000780a00000| Untracked 
|  11|0x0000000780b00000, 0x0000000780b00000, 0x0000000780c00000|  0%| F|  |TAMS 0x0000000780b00000, 0x0000000780b00000| Untracked 
|  12|0x0000000780c00000, 0x0000000780c00000, 0x0000000780d00000|  0%| F|  |TAMS 0x0000000780c00000, 0x0000000780c00000| Untracked 
|  13|0x0000000780d00000, 0x0000000780d00000, 0x0000000780e00000|  0%| F|  |TAMS 0x0000000780d00000, 0x0000000780d00000| Untracked 
|  14|0x0000000780e00000, 0x0000000780e00000, 0x0000000780f00000|  0%| F|  |TAMS 0x0000000780e00000, 0x0000000780e00000| Untracked 
|  15|0x0000000780f00000, 0x0000000780f00000, 0x0000000781000000|  0%| F|  |TAMS 0x0000000780f00000, 0x0000000780f00000| Untracked 
|  16|0x0000000781000000, 0x0000000781000000, 0x0000000781100000|  0%| F|  |TAMS 0x0000000781000000, 0x0000000781000000| Untracked 
|  17|0x0000000781100000, 0x0000000781100000, 0x0000000781200000|  0%| F|  |TAMS 0x0000000781100000, 0x0000000781100000| Untracked 
|  18|0x0000000781200000, 0x0000000781200000, 0x0000000781300000|  0%| F|  |TAMS 0x0000000781200000, 0x0000000781200000| Untracked 
|  19|0x0000000781300000, 0x0000000781300000, 0x0000000781400000|  0%| F|  |TAMS 0x0000000781300000, 0x0000000781300000| Untracked 
|  20|0x0000000781400000, 0x0000000781400000, 0x0000000781500000|  0%| F|  |TAMS 0x0000000781400000, 0x0000000781400000| Untracked 
|  21|0x0000000781500000, 0x0000000781500000, 0x0000000781600000|  0%| F|  |TAMS 0x0000000781500000, 0x0000000781500000| Untracked 
|  22|0x0000000781600000, 0x0000000781600000, 0x0000000781700000|  0%| F|  |TAMS 0x0000000781600000, 0x0000000781600000| Untracked 
|  23|0x0000000781700000, 0x0000000781700000, 0x0000000781800000|  0%| F|  |TAMS 0x0000000781700000, 0x0000000781700000| Untracked 
|  24|0x0000000781800000, 0x0000000781800000, 0x0000000781900000|  0%| F|  |TAMS 0x0000000781800000, 0x0000000781800000| Untracked 
|  25|0x0000000781900000, 0x0000000781900000, 0x0000000781a00000|  0%| F|  |TAMS 0x0000000781900000, 0x0000000781900000| Untracked 
|  26|0x0000000781a00000, 0x0000000781a00000, 0x0000000781b00000|  0%| F|  |TAMS 0x0000000781a00000, 0x0000000781a00000| Untracked 
|  27|0x0000000781b00000, 0x0000000781b00000, 0x0000000781c00000|  0%| F|  |TAMS 0x0000000781b00000, 0x0000000781b00000| Untracked 
|  28|0x0000000781c00000, 0x0000000781c00000, 0x0000000781d00000|  0%| F|  |TAMS 0x0000000781c00000, 0x0000000781c00000| Untracked 
|  29|0x0000000781d00000, 0x0000000781d00000, 0x0000000781e00000|  0%| F|  |TAMS 0x0000000781d00000, 0x0000000781d00000| Untracked 
|  30|0x0000000781e00000, 0x0000000781e00000, 0x0000000781f00000|  0%| F|  |TAMS 0x0000000781e00000, 0x0000000781e00000| Untracked 
|  31|0x0000000781f00000, 0x0000000781f00000, 0x0000000782000000|  0%| F|  |TAMS 0x0000000781f00000, 0x0000000781f00000| Untracked 
|  32|0x0000000782000000, 0x0000000782000000, 0x0000000782100000|  0%| F|  |TAMS 0x0000000782000000, 0x0000000782000000| Untracked 
|  33|0x0000000782100000, 0x0000000782100000, 0x0000000782200000|  0%| F|  |TAMS 0x0000000782100000, 0x0000000782100000| Untracked 
|  34|0x0000000782200000, 0x0000000782200000, 0x0000000782300000|  0%| F|  |TAMS 0x0000000782200000, 0x0000000782200000| Untracked 
|  35|0x0000000782300000, 0x0000000782300000, 0x0000000782400000|  0%| F|  |TAMS 0x0000000782300000, 0x0000000782300000| Untracked 
|  36|0x0000000782400000, 0x0000000782400000, 0x0000000782500000|  0%| F|  |TAMS 0x0000000782400000, 0x0000000782400000| Untracked 
|  37|0x0000000782500000, 0x0000000782500000, 0x0000000782600000|  0%| F|  |TAMS 0x0000000782500000, 0x0000000782500000| Untracked 
|  38|0x0000000782600000, 0x0000000782600000, 0x0000000782700000|  0%| F|  |TAMS 0x0000000782600000, 0x0000000782600000| Untracked 
|  39|0x0000000782700000, 0x0000000782700000, 0x0000000782800000|  0%| F|  |TAMS 0x0000000782700000, 0x0000000782700000| Untracked 
|  40|0x0000000782800000, 0x0000000782800000, 0x0000000782900000|  0%| F|  |TAMS 0x0000000782800000, 0x0000000782800000| Untracked 
|  41|0x0000000782900000, 0x0000000782900000, 0x0000000782a00000|  0%| F|  |TAMS 0x0000000782900000, 0x0000000782900000| Untracked 
|  42|0x0000000782a00000, 0x0000000782a00000, 0x0000000782b00000|  0%| F|  |TAMS 0x0000000782a00000, 0x0000000782a00000| Untracked 
|  43|0x0000000782b00000, 0x0000000782b00000, 0x0000000782c00000|  0%| F|  |TAMS 0x0000000782b00000, 0x0000000782b00000| Untracked 
|  44|0x0000000782c00000, 0x0000000782c00000, 0x0000000782d00000|  0%| F|  |TAMS 0x0000000782c00000, 0x0000000782c00000| Untracked 
|  45|0x0000000782d00000, 0x0000000782d00000, 0x0000000782e00000|  0%| F|  |TAMS 0x0000000782d00000, 0x0000000782d00000| Untracked 
|  46|0x0000000782e00000, 0x0000000782e00000, 0x0000000782f00000|  0%| F|  |TAMS 0x0000000782e00000, 0x0000000782e00000| Untracked 
|  47|0x0000000782f00000, 0x0000000782f00000, 0x0000000783000000|  0%| F|  |TAMS 0x0000000782f00000, 0x0000000782f00000| Untracked 
|  48|0x0000000783000000, 0x0000000783000000, 0x0000000783100000|  0%| F|  |TAMS 0x0000000783000000, 0x0000000783000000| Untracked 
|  49|0x0000000783100000, 0x0000000783100000, 0x0000000783200000|  0%| F|  |TAMS 0x0000000783100000, 0x0000000783100000| Untracked 
|  50|0x0000000783200000, 0x0000000783200000, 0x0000000783300000|  0%| F|  |TAMS 0x0000000783200000, 0x0000000783200000| Untracked 
|  51|0x0000000783300000, 0x0000000783300000, 0x0000000783400000|  0%| F|  |TAMS 0x0000000783300000, 0x0000000783300000| Untracked 
|  52|0x0000000783400000, 0x0000000783400000, 0x0000000783500000|  0%| F|  |TAMS 0x0000000783400000, 0x0000000783400000| Untracked 
|  53|0x0000000783500000, 0x0000000783500000, 0x0000000783600000|  0%| F|  |TAMS 0x0000000783500000, 0x0000000783500000| Untracked 
|  54|0x0000000783600000, 0x0000000783600000, 0x0000000783700000|  0%| F|  |TAMS 0x0000000783600000, 0x0000000783600000| Untracked 
|  55|0x0000000783700000, 0x0000000783700000, 0x0000000783800000|  0%| F|  |TAMS 0x0000000783700000, 0x0000000783700000| Untracked 
|  56|0x0000000783800000, 0x0000000783800000, 0x0000000783900000|  0%| F|  |TAMS 0x0000000783800000, 0x0000000783800000| Untracked 
|  57|0x0000000783900000, 0x0000000783900000, 0x0000000783a00000|  0%| F|  |TAMS 0x0000000783900000, 0x0000000783900000| Untracked 
|  58|0x0000000783a00000, 0x0000000783a00000, 0x0000000783b00000|  0%| F|  |TAMS 0x0000000783a00000, 0x0000000783a00000| Untracked 
|  59|0x0000000783b00000, 0x0000000783b00000, 0x0000000783c00000|  0%| F|  |TAMS 0x0000000783b00000, 0x0000000783b00000| Untracked 
|  60|0x0000000783c00000, 0x0000000783c00000, 0x0000000783d00000|  0%| F|  |TAMS 0x0000000783c00000, 0x0000000783c00000| Untracked 
|  61|0x0000000783d00000, 0x0000000783d00000, 0x0000000783e00000|  0%| F|  |TAMS 0x0000000783d00000, 0x0000000783d00000| Untracked 
|  62|0x0000000783e00000, 0x0000000783e00000, 0x0000000783f00000|  0%| F|  |TAMS 0x0000000783e00000, 0x0000000783e00000| Untracked 
|  63|0x0000000783f00000, 0x0000000783f00000, 0x0000000784000000|  0%| F|  |TAMS 0x0000000783f00000, 0x0000000783f00000| Untracked 
|  64|0x0000000784000000, 0x0000000784000000, 0x0000000784100000|  0%| F|  |TAMS 0x0000000784000000, 0x0000000784000000| Untracked 
|  65|0x0000000784100000, 0x0000000784100000, 0x0000000784200000|  0%| F|  |TAMS 0x0000000784100000, 0x0000000784100000| Untracked 
|  66|0x0000000784200000, 0x0000000784200000, 0x0000000784300000|  0%| F|  |TAMS 0x0000000784200000, 0x0000000784200000| Untracked 
|  67|0x0000000784300000, 0x0000000784300000, 0x0000000784400000|  0%| F|  |TAMS 0x0000000784300000, 0x0000000784300000| Untracked 
|  68|0x0000000784400000, 0x0000000784400000, 0x0000000784500000|  0%| F|  |TAMS 0x0000000784400000, 0x0000000784400000| Untracked 
|  69|0x0000000784500000, 0x0000000784500000, 0x0000000784600000|  0%| F|  |TAMS 0x0000000784500000, 0x0000000784500000| Untracked 
|  70|0x0000000784600000, 0x0000000784600000, 0x0000000784700000|  0%| F|  |TAMS 0x0000000784600000, 0x0000000784600000| Untracked 
|  71|0x0000000784700000, 0x0000000784700000, 0x0000000784800000|  0%| F|  |TAMS 0x0000000784700000, 0x0000000784700000| Untracked 
|  72|0x0000000784800000, 0x0000000784800000, 0x0000000784900000|  0%| F|  |TAMS 0x0000000784800000, 0x0000000784800000| Untracked 
|  73|0x0000000784900000, 0x0000000784900000, 0x0000000784a00000|  0%| F|  |TAMS 0x0000000784900000, 0x0000000784900000| Untracked 
|  74|0x0000000784a00000, 0x0000000784a00000, 0x0000000784b00000|  0%| F|  |TAMS 0x0000000784a00000, 0x0000000784a00000| Untracked 
|  75|0x0000000784b00000, 0x0000000784b00000, 0x0000000784c00000|  0%| F|  |TAMS 0x0000000784b00000, 0x0000000784b00000| Untracked 
|  76|0x0000000784c00000, 0x0000000784c00000, 0x0000000784d00000|  0%| F|  |TAMS 0x0000000784c00000, 0x0000000784c00000| Untracked 
|  77|0x0000000784d00000, 0x0000000784d00000, 0x0000000784e00000|  0%| F|  |TAMS 0x0000000784d00000, 0x0000000784d00000| Untracked 
|  78|0x0000000784e00000, 0x0000000784e00000, 0x0000000784f00000|  0%| F|  |TAMS 0x0000000784e00000, 0x0000000784e00000| Untracked 
|  79|0x0000000784f00000, 0x0000000784f00000, 0x0000000785000000|  0%| F|  |TAMS 0x0000000784f00000, 0x0000000784f00000| Untracked 
|  80|0x0000000785000000, 0x0000000785000000, 0x0000000785100000|  0%| F|  |TAMS 0x0000000785000000, 0x0000000785000000| Untracked 
|  81|0x0000000785100000, 0x0000000785100000, 0x0000000785200000|  0%| F|  |TAMS 0x0000000785100000, 0x0000000785100000| Untracked 
|  82|0x0000000785200000, 0x0000000785200000, 0x0000000785300000|  0%| F|  |TAMS 0x0000000785200000, 0x0000000785200000| Untracked 
|  83|0x0000000785300000, 0x0000000785300000, 0x0000000785400000|  0%| F|  |TAMS 0x0000000785300000, 0x0000000785300000| Untracked 
|  84|0x0000000785400000, 0x0000000785400000, 0x0000000785500000|  0%| F|  |TAMS 0x0000000785400000, 0x0000000785400000| Untracked 
|  85|0x0000000785500000, 0x0000000785500000, 0x0000000785600000|  0%| F|  |TAMS 0x0000000785500000, 0x0000000785500000| Untracked 
|  86|0x0000000785600000, 0x0000000785600000, 0x0000000785700000|  0%| F|  |TAMS 0x0000000785600000, 0x0000000785600000| Untracked 
|  87|0x0000000785700000, 0x0000000785700000, 0x0000000785800000|  0%| F|  |TAMS 0x0000000785700000, 0x0000000785700000| Untracked 
|  88|0x0000000785800000, 0x0000000785800000, 0x0000000785900000|  0%| F|  |TAMS 0x0000000785800000, 0x0000000785800000| Untracked 
|  89|0x0000000785900000, 0x0000000785900000, 0x0000000785a00000|  0%| F|  |TAMS 0x0000000785900000, 0x0000000785900000| Untracked 
|  90|0x0000000785a00000, 0x0000000785a00000, 0x0000000785b00000|  0%| F|  |TAMS 0x0000000785a00000, 0x0000000785a00000| Untracked 
|  91|0x0000000785b00000, 0x0000000785b00000, 0x0000000785c00000|  0%| F|  |TAMS 0x0000000785b00000, 0x0000000785b00000| Untracked 
|  92|0x0000000785c00000, 0x0000000785c00000, 0x0000000785d00000|  0%| F|  |TAMS 0x0000000785c00000, 0x0000000785c00000| Untracked 
|  93|0x0000000785d00000, 0x0000000785d00000, 0x0000000785e00000|  0%| F|  |TAMS 0x0000000785d00000, 0x0000000785d00000| Untracked 
|  94|0x0000000785e00000, 0x0000000785e00000, 0x0000000785f00000|  0%| F|  |TAMS 0x0000000785e00000, 0x0000000785e00000| Untracked 
|  95|0x0000000785f00000, 0x0000000785f00000, 0x0000000786000000|  0%| F|  |TAMS 0x0000000785f00000, 0x0000000785f00000| Untracked 
|  96|0x0000000786000000, 0x0000000786000000, 0x0000000786100000|  0%| F|  |TAMS 0x0000000786000000, 0x0000000786000000| Untracked 
|  97|0x0000000786100000, 0x0000000786100000, 0x0000000786200000|  0%| F|  |TAMS 0x0000000786100000, 0x0000000786100000| Untracked 
|  98|0x0000000786200000, 0x0000000786200000, 0x0000000786300000|  0%| F|  |TAMS 0x0000000786200000, 0x0000000786200000| Untracked 
|  99|0x0000000786300000, 0x0000000786300000, 0x0000000786400000|  0%| F|  |TAMS 0x0000000786300000, 0x0000000786300000| Untracked 
| 100|0x0000000786400000, 0x0000000786400000, 0x0000000786500000|  0%| F|  |TAMS 0x0000000786400000, 0x0000000786400000| Untracked 
| 101|0x0000000786500000, 0x0000000786500000, 0x0000000786600000|  0%| F|  |TAMS 0x0000000786500000, 0x0000000786500000| Untracked 
| 102|0x0000000786600000, 0x0000000786600000, 0x0000000786700000|  0%| F|  |TAMS 0x0000000786600000, 0x0000000786600000| Untracked 
| 103|0x0000000786700000, 0x0000000786700000, 0x0000000786800000|  0%| F|  |TAMS 0x0000000786700000, 0x0000000786700000| Untracked 
| 104|0x0000000786800000, 0x0000000786800000, 0x0000000786900000|  0%| F|  |TAMS 0x0000000786800000, 0x0000000786800000| Untracked 
| 105|0x0000000786900000, 0x0000000786900000, 0x0000000786a00000|  0%| F|  |TAMS 0x0000000786900000, 0x0000000786900000| Untracked 
| 106|0x0000000786a00000, 0x0000000786a00000, 0x0000000786b00000|  0%| F|  |TAMS 0x0000000786a00000, 0x0000000786a00000| Untracked 
| 107|0x0000000786b00000, 0x0000000786b00000, 0x0000000786c00000|  0%| F|  |TAMS 0x0000000786b00000, 0x0000000786b00000| Untracked 
| 108|0x0000000786c00000, 0x0000000786c00000, 0x0000000786d00000|  0%| F|  |TAMS 0x0000000786c00000, 0x0000000786c00000| Untracked 
| 109|0x0000000786d00000, 0x0000000786d00000, 0x0000000786e00000|  0%| F|  |TAMS 0x0000000786d00000, 0x0000000786d00000| Untracked 
| 110|0x0000000786e00000, 0x0000000786e00000, 0x0000000786f00000|  0%| F|  |TAMS 0x0000000786e00000, 0x0000000786e00000| Untracked 
| 111|0x0000000786f00000, 0x0000000786f00000, 0x0000000787000000|  0%| F|  |TAMS 0x0000000786f00000, 0x0000000786f00000| Untracked 
| 112|0x0000000787000000, 0x0000000787000000, 0x0000000787100000|  0%| F|  |TAMS 0x0000000787000000, 0x0000000787000000| Untracked 
| 113|0x0000000787100000, 0x0000000787100000, 0x0000000787200000|  0%| F|  |TAMS 0x0000000787100000, 0x0000000787100000| Untracked 
| 114|0x0000000787200000, 0x0000000787200000, 0x0000000787300000|  0%| F|  |TAMS 0x0000000787200000, 0x0000000787200000| Untracked 
| 115|0x0000000787300000, 0x0000000787300000, 0x0000000787400000|  0%| F|  |TAMS 0x0000000787300000, 0x0000000787300000| Untracked 
| 116|0x0000000787400000, 0x0000000787400000, 0x0000000787500000|  0%| F|  |TAMS 0x0000000787400000, 0x0000000787400000| Untracked 
| 117|0x0000000787500000, 0x0000000787500000, 0x0000000787600000|  0%| F|  |TAMS 0x0000000787500000, 0x0000000787500000| Untracked 
| 118|0x0000000787600000, 0x0000000787600000, 0x0000000787700000|  0%| F|  |TAMS 0x0000000787600000, 0x0000000787600000| Untracked 
| 119|0x0000000787700000, 0x0000000787700000, 0x0000000787800000|  0%| F|  |TAMS 0x0000000787700000, 0x0000000787700000| Untracked 
| 120|0x0000000787800000, 0x0000000787877810, 0x0000000787900000| 46%| E|  |TAMS 0x0000000787800000, 0x0000000787800000| Complete 
| 121|0x0000000787900000, 0x0000000787a00000, 0x0000000787a00000|100%| E|CS|TAMS 0x0000000787900000, 0x0000000787900000| Complete 
| 122|0x0000000787a00000, 0x0000000787b00000, 0x0000000787b00000|100%| E|CS|TAMS 0x0000000787a00000, 0x0000000787a00000| Complete 
| 123|0x0000000787b00000, 0x0000000787c00000, 0x0000000787c00000|100%| E|CS|TAMS 0x0000000787b00000, 0x0000000787b00000| Complete 
| 124|0x0000000787c00000, 0x0000000787d00000, 0x0000000787d00000|100%| E|CS|TAMS 0x0000000787c00000, 0x0000000787c00000| Complete 
| 125|0x0000000787d00000, 0x0000000787e00000, 0x0000000787e00000|100%| E|CS|TAMS 0x0000000787d00000, 0x0000000787d00000| Complete 
| 126|0x0000000787e00000, 0x0000000787f00000, 0x0000000787f00000|100%| E|CS|TAMS 0x0000000787e00000, 0x0000000787e00000| Complete 
| 127|0x0000000787f00000, 0x0000000788000000, 0x0000000788000000|100%| E|CS|TAMS 0x0000000787f00000, 0x0000000787f00000| Complete 
|1022|0x00000007bfe00000, 0x00000007bfe51000, 0x00000007bff00000| 31%|OA|  |TAMS 0x00000007bfe00000, 0x00000007bfe00000| Untracked 
|1023|0x00000007bff00000, 0x00000007bff7b000, 0x00000007c0000000| 48%|CA|  |TAMS 0x00000007bff00000, 0x00000007bff00000| Untracked 

Card table byte_map: [0x000000010a9f7000,0x000000010adf7000] _byte_map_base: 0x0000000106df7000

Marking Bits (Prev, Next): (CMBitMap*) 0x00007fb0b181a218, (CMBitMap*) 0x00007fb0b181a258
 Prev Bits: [0x000000010b1f7000, 0x000000010d1f7000)
 Next Bits: [0x000000010d1f7000, 0x000000010f1f7000)

Polling page: 0x00000001085f7000

Metaspace:

Usage:
  Non-class:      5.02 MB capacity,     4.95 MB ( 99%) used,    65.88 KB (  1%) free+waste,     8.56 KB ( <1%) overhead. 
      Class:    628.00 KB capacity,   582.41 KB ( 93%) used,    40.52 KB (  6%) free+waste,     5.06 KB ( <1%) overhead. 
       Both:      5.64 MB capacity,     5.52 MB ( 98%) used,   106.41 KB (  2%) free+waste,    13.62 KB ( <1%) overhead. 

Virtual space:
  Non-class space:        8.00 MB reserved,       5.25 MB ( 66%) committed 
      Class space:        1.00 GB reserved,     640.00 KB ( <1%) committed 
             Both:        1.01 GB reserved,       5.88 MB ( <1%) committed 

Chunk freelists:
   Non-Class:  56.00 KB
       Class:  0 bytes
        Both:  56.00 KB

MaxMetaspaceSize: unlimited
CompressedClassSpaceSize: 1.00 GB

CodeHeap 'non-profiled nmethods': size=120028Kb used=188Kb max_used=188Kb free=119839Kb
 bounds [0x00000001215e8000, 0x0000000121858000, 0x0000000128b1f000]
CodeHeap 'profiled nmethods': size=120028Kb used=878Kb max_used=878Kb free=119149Kb
 bounds [0x000000011a0b1000, 0x000000011a321000, 0x00000001215e8000]
CodeHeap 'non-nmethods': size=5704Kb used=1240Kb max_used=1250Kb free=4463Kb
 bounds [0x0000000119b1f000, 0x0000000119d8f000, 0x000000011a0b1000]
 total_blobs=1131 nmethods=610 adapters=435
 compilation: enabled
              stopped_count=0, restarted_count=0
 full_count=0

Compilation events (20 events):
Event: 1.236 Thread 0x00007fb0b2894000  599       1       java.net.URL::getQuery (5 bytes)
Event: 1.236 Thread 0x00007fb0b2894000 nmethod 599 0x0000000121616510 code [0x00000001216166a0, 0x0000000121616770]
Event: 1.236 Thread 0x00007fb0b2894000  600       3       java.util.jar.JarFile::getEntry0 (24 bytes)
Event: 1.237 Thread 0x00007fb0b2894000 nmethod 600 0x000000011a185190 code [0x000000011a185360, 0x000000011a1858c0]
Event: 1.237 Thread 0x00007fb0b2894000  601       3       java.util.jar.JarFile$1::<init> (10 bytes)
Event: 1.237 Thread 0x00007fb0b2894000 nmethod 601 0x000000011a185a90 code [0x000000011a185c20, 0x000000011a185df0]
Event: 1.237 Thread 0x00007fb0b2894000  602       3       java.util.zip.ZipFile$1::getEntry (10 bytes)
Event: 1.237 Thread 0x00007fb0b2894000 nmethod 602 0x000000011a185e90 code [0x000000011a186040, 0x000000011a1862a0]
Event: 1.237 Thread 0x00007fb0b2894000  603   !   3       java.util.zip.ZipFile::getEntry (73 bytes)
Event: 1.238 Thread 0x00007fb0b2894000 nmethod 603 0x000000011a186390 code [0x000000011a186580, 0x000000011a186c40]
Event: 1.288 Thread 0x00007fb0b2894000  604       3       java.nio.Buffer::remaining (10 bytes)
Event: 1.296 Thread 0x00007fb0b2894000 nmethod 604 0x000000011a186f90 code [0x000000011a187120, 0x000000011a187230]
Event: 1.304 Thread 0x00007fb0b2894000  605       3       java.lang.ref.WeakReference::<init> (7 bytes)
Event: 1.304 Thread 0x00007fb0b2894000 nmethod 605 0x000000011a187290 code [0x000000011a187440, 0x000000011a187730]
Event: 1.343 Thread 0x00007fb0b2894000  610  s!   3       jdk.internal.loader.URLClassPath::getLoader (194 bytes)
Event: 1.346 Thread 0x00007fb0b2894000 nmethod 610 0x000000011a187810 code [0x000000011a187c60, 0x000000011a18a1e0]
Event: 1.346 Thread 0x00007fb0b2894000  608       3       java.util.jar.JarFile::getJarEntry (9 bytes)
Event: 1.346 Thread 0x00007fb0b2894000 nmethod 608 0x000000011a18b110 code [0x000000011a18b320, 0x000000011a18bb20]
Event: 1.346 Thread 0x00007fb0b2894000  609       3       java.util.jar.JarFile::getEntry (22 bytes)
Event: 1.347 Thread 0x00007fb0b2894000 nmethod 609 0x000000011a18bd90 code [0x000000011a18bfa0, 0x000000011a18c720]

GC Heap History (0 events):
No events

Deoptimization events (4 events):
Event: 0.831 Thread 0x00007fb0b1817000 Uncommon trap: trap_request=0xffffff45 fr.pc=0x00000001215f4c44 relative=0x0000000000000984
Event: 0.831 Thread 0x00007fb0b1817000 Uncommon trap: reason=unstable_if action=reinterpret pc=0x00000001215f4c44 method=java.util.HashMap.putVal(ILjava/lang/Object;Ljava/lang/Object;ZZ)Ljava/lang/Object; @ 181 c2
Event: 0.831 Thread 0x00007fb0b1817000 DEOPT PACKING pc=0x00000001215f4c44 sp=0x0000700006b9db90
Event: 0.831 Thread 0x00007fb0b1817000 DEOPT UNPACKING pc=0x0000000119b67e25 sp=0x0000700006b9db30 mode 2

Classes unloaded (0 events):
No events

Classes redefined (0 events):
No events

Internal exceptions (5 events):
Event: 0.183 Thread 0x00007fb0b1817000 Exception <a 'java/lang/ClassNotFoundException'{0x0000000787c15318}: sun/awt/resources/spi/awtProvider> (0x0000000787c15318) 
thrown [./open/src/hotspot/share/classfile/systemDictionary.cpp, line 226]
Event: 0.208 Thread 0x00007fb0b1817000 Exception <a 'java/io/FileNotFoundException'{0x0000000787c61648}> (0x0000000787c61648) 
thrown [./open/src/hotspot/share/prims/jni.cpp, line 599]
Event: 0.213 Thread 0x00007fb0b1817000 Exception <a 'java/io/FileNotFoundException'{0x0000000787c87b20}> (0x0000000787c87b20) 
thrown [./open/src/hotspot/share/prims/jni.cpp, line 599]
Event: 0.216 Thread 0x00007fb0b1817000 Exception <a 'java/lang/ClassNotFoundException'{0x0000000787c8b6e0}: sun/awt/resources/spi/awtosxProvider> (0x0000000787c8b6e0) 
thrown [./open/src/hotspot/share/classfile/systemDictionary.cpp, line 226]
Event: 0.801 Thread 0x00007fb0b1817000 Exception <a 'java/io/FileNotFoundException'{0x0000000787ceadd8}> (0x0000000787ceadd8) 
thrown [./open/src/hotspot/share/prims/jni.cpp, line 599]

Events (20 events):
Event: 1.121 loading class sun/misc/Unsafe
Event: 1.122 loading class sun/misc/Unsafe done
Event: 1.123 loading class jdk/internal/reflect/UnsafeFieldAccessorFactory
Event: 1.124 loading class jdk/internal/reflect/UnsafeFieldAccessorFactory done
Event: 1.124 loading class jdk/internal/reflect/UnsafeQualifiedStaticObjectFieldAccessorImpl
Event: 1.125 loading class jdk/internal/reflect/UnsafeQualifiedStaticFieldAccessorImpl
Event: 1.125 loading class jdk/internal/reflect/UnsafeQualifiedStaticFieldAccessorImpl done
Event: 1.125 loading class jdk/internal/reflect/UnsafeQualifiedStaticObjectFieldAccessorImpl done
Event: 1.126 loading class jdk/internal/access/foreign/MemorySegmentProxy
Event: 1.126 loading class jdk/internal/access/foreign/MemorySegmentProxy done
Event: 1.127 loading class java/nio/StringCharBuffer
Event: 1.128 loading class java/nio/StringCharBuffer done
Event: 1.147 Executing VM operation: HandshakeOneThread
Event: 1.147 Executing VM operation: HandshakeOneThread done
Event: 1.167 loading class java/awt/IllegalComponentStateException
Event: 1.167 loading class java/awt/IllegalComponentStateException done
Event: 1.223 loading class jdk/internal/reflect/UnsafeQualifiedStaticIntegerFieldAccessorImpl
Event: 1.226 loading class jdk/internal/reflect/UnsafeQualifiedStaticIntegerFieldAccessorImpl done
Event: 1.348 loading class java/lang/NumberFormatException
Event: 1.348 loading class java/lang/NumberFormatException done


Dynamic libraries:
0x00007fff71f90000 	/usr/lib/libz.1.dylib
0x00000001085c4000 	/Users/amandinelabaeye/Library/Java/JavaVirtualMachines/openjdk-14.0.2/Contents/Home/lib/libjli.dylib
0x00007fff37c78000 	/System/Library/Frameworks/Cocoa.framework/Versions/A/Cocoa
0x00007fff4546d000 	/System/Library/Frameworks/Security.framework/Versions/A/Security
0x00007fff36bdd000 	/System/Library/Frameworks/ApplicationServices.framework/Versions/A/ApplicationServices
0x00007fff6fa54000 	/usr/lib/libSystem.B.dylib
0x00007fff72851000 	/usr/lib/system/libcache.dylib
0x00007fff72857000 	/usr/lib/system/libcommonCrypto.dylib
0x00007fff72863000 	/usr/lib/system/libcompiler_rt.dylib
0x00007fff7286b000 	/usr/lib/system/libcopyfile.dylib
0x00007fff72875000 	/usr/lib/system/libcorecrypto.dylib
0x00007fff72a14000 	/usr/lib/system/libdispatch.dylib
0x00007fff72a55000 	/usr/lib/system/libdyld.dylib
0x00007fff72a8c000 	/usr/lib/system/libkeymgr.dylib
0x00007fff72a9a000 	/usr/lib/system/liblaunch.dylib
0x00007fff72a9b000 	/usr/lib/system/libmacho.dylib
0x00007fff72aa1000 	/usr/lib/system/libquarantine.dylib
0x00007fff72aa4000 	/usr/lib/system/libremovefile.dylib
0x00007fff72aa6000 	/usr/lib/system/libsystem_asl.dylib
0x00007fff72abe000 	/usr/lib/system/libsystem_blocks.dylib
0x00007fff72abf000 	/usr/lib/system/libsystem_c.dylib
0x00007fff72b47000 	/usr/lib/system/libsystem_configuration.dylib
0x00007fff72b4b000 	/usr/lib/system/libsystem_coreservices.dylib
0x00007fff72b4f000 	/usr/lib/system/libsystem_darwin.dylib
0x00007fff72b58000 	/usr/lib/system/libsystem_dnssd.dylib
0x00007fff72b60000 	/usr/lib/system/libsystem_featureflags.dylib
0x00007fff72b62000 	/usr/lib/system/libsystem_info.dylib
0x00007fff72bdd000 	/usr/lib/system/libsystem_m.dylib
0x00007fff72c25000 	/usr/lib/system/libsystem_malloc.dylib
0x00007fff72c4d000 	/usr/lib/system/libsystem_networkextension.dylib
0x00007fff72c5b000 	/usr/lib/system/libsystem_notify.dylib
0x00007fff72c79000 	/usr/lib/system/libsystem_sandbox.dylib
0x00007fff72c7e000 	/usr/lib/system/libsystem_secinit.dylib
0x00007fff72bb0000 	/usr/lib/system/libsystem_kernel.dylib
0x00007fff72c65000 	/usr/lib/system/libsystem_platform.dylib
0x00007fff72c6e000 	/usr/lib/system/libsystem_pthread.dylib
0x00007fff72c81000 	/usr/lib/system/libsystem_symptoms.dylib
0x00007fff72c89000 	/usr/lib/system/libsystem_trace.dylib
0x00007fff72ca1000 	/usr/lib/system/libunwind.dylib
0x00007fff72ca7000 	/usr/lib/system/libxpc.dylib
0x00007fff718b4000 	/usr/lib/libobjc.A.dylib
0x00007fff6fd8d000 	/usr/lib/libc++abi.dylib
0x00007fff6fd3a000 	/usr/lib/libc++.1.dylib
0x00007fff38b1a000 	/System/Library/Frameworks/CoreFoundation.framework/Versions/A/CoreFoundation
0x00007fff3b1d7000 	/System/Library/Frameworks/Foundation.framework/Versions/C/Foundation
0x00007fff35dcd000 	/System/Library/Frameworks/AppKit.framework/Versions/C/AppKit
0x00007fff385fc000 	/System/Library/Frameworks/CoreData.framework/Versions/A/CoreData
0x00007fff69a6a000 	/System/Library/PrivateFrameworks/UIFoundation.framework/Versions/A/UIFoundation
0x00007fff64afe000 	/System/Library/PrivateFrameworks/RemoteViewServices.framework/Versions/A/RemoteViewServices
0x00007fff6c5c4000 	/System/Library/PrivateFrameworks/XCTTargetBootstrap.framework/Versions/A/XCTTargetBootstrap
0x00007fff389e7000 	/System/Library/Frameworks/CoreDisplay.framework/Versions/A/CoreDisplay
0x00007fff3e091000 	/System/Library/Frameworks/Metal.framework/Versions/A/Metal
0x00007fff52b01000 	/System/Library/PrivateFrameworks/DesktopServicesPriv.framework/Versions/A/DesktopServicesPriv
0x00007fff70b8f000 	/usr/lib/liblangid.dylib
0x00007fff51d96000 	/System/Library/PrivateFrameworks/CoreSVG.framework/Versions/A/CoreSVG
0x00007fff67c5a000 	/System/Library/PrivateFrameworks/SkyLight.framework/Versions/A/SkyLight
0x00007fff38f9b000 	/System/Library/Frameworks/CoreGraphics.framework/Versions/A/CoreGraphics
0x00007fff347a1000 	/System/Library/Frameworks/Accelerate.framework/Versions/A/Accelerate
0x00007fff71e81000 	/usr/lib/libxml2.2.dylib
0x00007fff5da89000 	/System/Library/PrivateFrameworks/IconServices.framework/Versions/A/IconServices
0x00007fff3b9b6000 	/System/Library/Frameworks/IOSurface.framework/Versions/A/IOSurface
0x00007fff6f57e000 	/usr/lib/libDiagnosticMessagesClient.dylib
0x00007fff5295b000 	/System/Library/PrivateFrameworks/DFRFoundation.framework/Versions/A/DFRFoundation
0x00007fff7091e000 	/usr/lib/libicucore.A.dylib
0x00007fff36f0f000 	/System/Library/Frameworks/AudioToolbox.framework/Versions/A/AudioToolbox
0x00007fff36ff2000 	/System/Library/Frameworks/AudioUnit.framework/Versions/A/AudioUnit
0x00007fff6fc56000 	/usr/lib/libauto.dylib
0x00007fff529fd000 	/System/Library/PrivateFrameworks/DataDetectorsCore.framework/Versions/A/DataDetectorsCore
0x00007fff37799000 	/System/Library/Frameworks/Carbon.framework/Versions/A/Frameworks/HIToolbox.framework/Versions/A/HIToolbox
0x00007fff44669000 	/System/Library/Frameworks/QuartzCore.framework/Versions/A/QuartzCore
0x00007fff37ad8000 	/System/Library/Frameworks/Carbon.framework/Versions/A/Frameworks/SpeechRecognition.framework/Versions/A/SpeechRecognition
0x00007fff5246f000 	/System/Library/PrivateFrameworks/CoreUI.framework/Versions/A/CoreUI
0x00007fff38067000 	/System/Library/Frameworks/CoreAudio.framework/Versions/A/CoreAudio
0x00007fff3ae96000 	/System/Library/Frameworks/DiskArbitration.framework/Versions/A/DiskArbitration
0x00007fff5fad9000 	/System/Library/PrivateFrameworks/MultitouchSupport.framework/Versions/A/MultitouchSupport
0x00007fff707e5000 	/usr/lib/libenergytrace.dylib
0x00007fff3b910000 	/System/Library/Frameworks/IOKit.framework/Versions/A/IOKit
0x00007fff39f02000 	/System/Library/Frameworks/CoreServices.framework/Versions/A/CoreServices
0x00007fff61c91000 	/System/Library/PrivateFrameworks/PerformanceAnalysis.framework/Versions/A/PerformanceAnalysis
0x00007fff4369c000 	/System/Library/Frameworks/OpenGL.framework/Versions/A/OpenGL
0x00007fff37c86000 	/System/Library/Frameworks/ColorSync.framework/Versions/A/ColorSync
0x00007fff3961e000 	/System/Library/Frameworks/CoreImage.framework/Versions/A/CoreImage
0x00007fff3a975000 	/System/Library/Frameworks/CoreText.framework/Versions/A/CoreText
0x00007fff3ba46000 	/System/Library/Frameworks/ImageIO.framework/Versions/A/ImageIO
0x00007fff6fdb6000 	/usr/lib/libcompression.dylib
0x00007fff6f8c2000 	/usr/lib/libMobileGestalt.dylib
0x00007fff697d4000 	/System/Library/PrivateFrameworks/TextureIO.framework/Versions/A/TextureIO
0x00007fff6fbb9000 	/usr/lib/libate.dylib
0x00007fff5dc92000 	/System/Library/PrivateFrameworks/InternationalSupport.framework/Versions/A/InternationalSupport
0x00007fff70b91000 	/usr/lib/liblzma.5.dylib
0x00007fff7080c000 	/usr/lib/libfakelink.dylib
0x00007fff6fb46000 	/usr/lib/libarchive.2.dylib
0x00007fff4651e000 	/System/Library/Frameworks/SystemConfiguration.framework/Versions/A/SystemConfiguration
0x00007fff6f4b1000 	/usr/lib/libCRFSuite.dylib
0x00007fff37389000 	/System/Library/Frameworks/CFNetwork.framework/Versions/A/CFNetwork
0x00007fff6fd1c000 	/usr/lib/libbsm.0.dylib
0x00007fff72a8d000 	/usr/lib/system/libkxld.dylib
0x00007fff4c2d8000 	/System/Library/PrivateFrameworks/AppleFSCompression.framework/Versions/A/AppleFSCompression
0x00007fff700a7000 	/usr/lib/libcoretls.dylib
0x00007fff700be000 	/usr/lib/libcoretls_cfhelpers.dylib
0x00007fff718fa000 	/usr/lib/libpam.2.dylib
0x00007fff71a2f000 	/usr/lib/libsqlite3.dylib
0x00007fff71e6e000 	/usr/lib/libxar.1.dylib
0x00007fff6fd2d000 	/usr/lib/libbz2.1.0.dylib
0x00007fff7082d000 	/usr/lib/libiconv.2.dylib
0x00007fff6fda3000 	/usr/lib/libcharset.1.dylib
0x00007fff71397000 	/usr/lib/libnetwork.dylib
0x00007fff71901000 	/usr/lib/libpcap.A.dylib
0x00007fff6fafb000 	/usr/lib/libapple_nghttp2.dylib
0x00007fff3a2b9000 	/System/Library/Frameworks/CoreServices.framework/Versions/A/Frameworks/FSEvents.framework/Versions/A/FSEvents
0x00007fff39f89000 	/System/Library/Frameworks/CoreServices.framework/Versions/A/Frameworks/CarbonCore.framework/Versions/A/CarbonCore
0x00007fff3a4fd000 	/System/Library/Frameworks/CoreServices.framework/Versions/A/Frameworks/Metadata.framework/Versions/A/Metadata
0x00007fff3a596000 	/System/Library/Frameworks/CoreServices.framework/Versions/A/Frameworks/OSServices.framework/Versions/A/OSServices
0x00007fff3a5c4000 	/System/Library/Frameworks/CoreServices.framework/Versions/A/Frameworks/SearchKit.framework/Versions/A/SearchKit
0x00007fff39f03000 	/System/Library/Frameworks/CoreServices.framework/Versions/A/Frameworks/AE.framework/Versions/A/AE
0x00007fff3a2c2000 	/System/Library/Frameworks/CoreServices.framework/Versions/A/Frameworks/LaunchServices.framework/Versions/A/LaunchServices
0x00007fff3a26b000 	/System/Library/Frameworks/CoreServices.framework/Versions/A/Frameworks/DictionaryServices.framework/Versions/A/DictionaryServices
0x00007fff3a62c000 	/System/Library/Frameworks/CoreServices.framework/Versions/A/Frameworks/SharedFileList.framework/Versions/A/SharedFileList
0x00007fff3f4bb000 	/System/Library/Frameworks/NetFS.framework/Versions/A/NetFS
0x00007fff60009000 	/System/Library/PrivateFrameworks/NetAuth.framework/Versions/A/NetAuth
0x00007fff6c991000 	/System/Library/PrivateFrameworks/login.framework/Versions/A/Frameworks/loginsupport.framework/Versions/A/loginsupport
0x00007fff6929f000 	/System/Library/PrivateFrameworks/TCC.framework/Versions/A/TCC
0x00007fff50f09000 	/System/Library/PrivateFrameworks/CoreNLP.framework/Versions/A/CoreNLP
0x00007fff5f506000 	/System/Library/PrivateFrameworks/MetadataUtilities.framework/Versions/A/MetadataUtilities
0x00007fff70c69000 	/usr/lib/libmecabra.dylib
0x00007fff70bc1000 	/usr/lib/libmecab.dylib
0x00007fff7081d000 	/usr/lib/libgermantok.dylib
0x00007fff6fae2000 	/usr/lib/libThaiTokenizer.dylib
0x00007fff6f4e8000 	/usr/lib/libChineseTokenizer.dylib
0x00007fff347b9000 	/System/Library/Frameworks/Accelerate.framework/Versions/A/Frameworks/vImage.framework/Versions/A/vImage
0x00007fff35c23000 	/System/Library/Frameworks/Accelerate.framework/Versions/A/Frameworks/vecLib.framework/Versions/A/vecLib
0x00007fff35b60000 	/System/Library/Frameworks/Accelerate.framework/Versions/A/Frameworks/vecLib.framework/Versions/A/libvMisc.dylib
0x00007fff35988000 	/System/Library/Frameworks/Accelerate.framework/Versions/A/Frameworks/vecLib.framework/Versions/A/libvDSP.dylib
0x00007fff34e10000 	/System/Library/Frameworks/Accelerate.framework/Versions/A/Frameworks/vecLib.framework/Versions/A/libBLAS.dylib
0x00007fff3554c000 	/System/Library/Frameworks/Accelerate.framework/Versions/A/Frameworks/vecLib.framework/Versions/A/libLAPACK.dylib
0x00007fff358e8000 	/System/Library/Frameworks/Accelerate.framework/Versions/A/Frameworks/vecLib.framework/Versions/A/libLinearAlgebra.dylib
0x00007fff35975000 	/System/Library/Frameworks/Accelerate.framework/Versions/A/Frameworks/vecLib.framework/Versions/A/libSparseBLAS.dylib
0x00007fff358fe000 	/System/Library/Frameworks/Accelerate.framework/Versions/A/Frameworks/vecLib.framework/Versions/A/libQuadrature.dylib
0x00007fff35078000 	/System/Library/Frameworks/Accelerate.framework/Versions/A/Frameworks/vecLib.framework/Versions/A/libBNNS.dylib
0x00007fff35904000 	/System/Library/Frameworks/Accelerate.framework/Versions/A/Frameworks/vecLib.framework/Versions/A/libSparse.dylib
0x00007fff5e07a000 	/System/Library/PrivateFrameworks/LanguageModeling.framework/Versions/A/LanguageModeling
0x00007fff508b9000 	/System/Library/PrivateFrameworks/CoreEmoji.framework/Versions/A/CoreEmoji
0x00007fff5e198000 	/System/Library/PrivateFrameworks/LinguisticData.framework/Versions/A/LinguisticData
0x00007fff5e149000 	/System/Library/PrivateFrameworks/Lexicon.framework/Versions/A/Lexicon
0x00007fff6fda4000 	/usr/lib/libcmph.dylib
0x00007fff420aa000 	/System/Library/Frameworks/OpenDirectory.framework/Versions/A/Frameworks/CFOpenDirectory.framework/Versions/A/CFOpenDirectory
0x00007fff420c7000 	/System/Library/Frameworks/OpenDirectory.framework/Versions/A/OpenDirectory
0x00007fff4a508000 	/System/Library/PrivateFrameworks/APFS.framework/Versions/A/APFS
0x00007fff457b7000 	/System/Library/Frameworks/SecurityFoundation.framework/Versions/A/SecurityFoundation
0x00007fff71e6a000 	/usr/lib/libutil.dylib
0x00007fff51dee000 	/System/Library/PrivateFrameworks/CoreServicesStore.framework/Versions/A/CoreServicesStore
0x00007fff4586e000 	/System/Library/Frameworks/ServiceManagement.framework/Versions/A/ServiceManagement
0x00007fff4daa8000 	/System/Library/PrivateFrameworks/BackgroundTaskManagement.framework/Versions/A/BackgroundTaskManagement
0x00007fff71f67000 	/usr/lib/libxslt.1.dylib
0x00007fff4c94b000 	/System/Library/PrivateFrameworks/AppleSystemInfo.framework/Versions/A/AppleSystemInfo
0x00007fff3bc61000 	/System/Library/Frameworks/ImageIO.framework/Versions/A/Resources/libJPEG.dylib
0x00007fff3bf1f000 	/System/Library/Frameworks/ImageIO.framework/Versions/A/Resources/libTIFF.dylib
0x00007fff3bf02000 	/System/Library/Frameworks/ImageIO.framework/Versions/A/Resources/libPng.dylib
0x00007fff3bba3000 	/System/Library/Frameworks/ImageIO.framework/Versions/A/Resources/libGIF.dylib
0x00007fff3bba7000 	/System/Library/Frameworks/ImageIO.framework/Versions/A/Resources/libJP2.dylib
0x00007fff3bf1d000 	/System/Library/Frameworks/ImageIO.framework/Versions/A/Resources/libRadiance.dylib
0x00007fff707e6000 	/usr/lib/libexpat.1.dylib
0x00007fff4c433000 	/System/Library/PrivateFrameworks/AppleJPEG.framework/Versions/A/AppleJPEG
0x00007fff550ee000 	/System/Library/PrivateFrameworks/FontServices.framework/libFontParser.dylib
0x00007fff6b993000 	/System/Library/PrivateFrameworks/WatchdogClient.framework/Versions/A/WatchdogClient
0x00007fff5d6d5000 	/System/Library/PrivateFrameworks/IOAccelerator.framework/Versions/A/IOAccelerator
0x00007fff3e42c000 	/System/Library/Frameworks/MetalPerformanceShaders.framework/Versions/A/MetalPerformanceShaders
0x00007fff59e6b000 	/System/Library/PrivateFrameworks/GPUWrangler.framework/Versions/A/GPUWrangler
0x00007fff5d6ea000 	/System/Library/PrivateFrameworks/IOPresentment.framework/Versions/A/IOPresentment
0x00007fff5296e000 	/System/Library/PrivateFrameworks/DSExternalDisplay.framework/Versions/A/DSExternalDisplay
0x00007fff42a3b000 	/System/Library/Frameworks/OpenGL.framework/Versions/A/Libraries/libCoreFSCache.dylib
0x00007fff3e178000 	/System/Library/Frameworks/MetalPerformanceShaders.framework/Frameworks/MPSCore.framework/Versions/A/MPSCore
0x00007fff3e1b6000 	/System/Library/Frameworks/MetalPerformanceShaders.framework/Frameworks/MPSImage.framework/Versions/A/MPSImage
0x00007fff3e27d000 	/System/Library/Frameworks/MetalPerformanceShaders.framework/Frameworks/MPSNeuralNetwork.framework/Versions/A/MPSNeuralNetwork
0x00007fff3e241000 	/System/Library/Frameworks/MetalPerformanceShaders.framework/Frameworks/MPSMatrix.framework/Versions/A/MPSMatrix
0x00007fff3e3dc000 	/System/Library/Frameworks/MetalPerformanceShaders.framework/Frameworks/MPSRayIntersector.framework/Versions/A/MPSRayIntersector
0x00007fff3e267000 	/System/Library/Frameworks/MetalPerformanceShaders.framework/Frameworks/MPSNDArray.framework/Versions/A/MPSNDArray
0x00007fff5f553000 	/System/Library/PrivateFrameworks/MetalTools.framework/Versions/A/MetalTools
0x00007fff4b6e2000 	/System/Library/PrivateFrameworks/AggregateDictionary.framework/Versions/A/AggregateDictionary
0x00007fff50301000 	/System/Library/PrivateFrameworks/CoreAnalytics.framework/Versions/A/CoreAnalytics
0x00007fff4c86a000 	/System/Library/PrivateFrameworks/AppleSauce.framework/Versions/A/AppleSauce
0x00007fff6f7a4000 	/usr/lib/libIOReport.dylib
0x00007fff3ab2d000 	/System/Library/Frameworks/CoreVideo.framework/Versions/A/CoreVideo
0x00007fff5b2e4000 	/System/Library/PrivateFrameworks/GraphVisualizer.framework/Versions/A/GraphVisualizer
0x00007fff54634000 	/System/Library/PrivateFrameworks/FaceCore.framework/Versions/A/FaceCore
0x00007fff42051000 	/System/Library/Frameworks/OpenCL.framework/Versions/A/OpenCL
0x00007fff6f5c6000 	/usr/lib/libFosl_dynamic.dylib
0x00007fff60a29000 	/System/Library/PrivateFrameworks/OTSVG.framework/Versions/A/OTSVG
0x00007fff36ce2000 	/System/Library/Frameworks/ApplicationServices.framework/Versions/A/Frameworks/ATS.framework/Versions/A/Resources/libFontRegistry.dylib
0x00007fff552bf000 	/System/Library/PrivateFrameworks/FontServices.framework/libhvf.dylib
0x00007fff42a46000 	/System/Library/Frameworks/OpenGL.framework/Versions/A/Libraries/libGFXShared.dylib
0x00007fff42c24000 	/System/Library/Frameworks/OpenGL.framework/Versions/A/Libraries/libGLU.dylib
0x00007fff42a4f000 	/System/Library/Frameworks/OpenGL.framework/Versions/A/Libraries/libGL.dylib
0x00007fff42a5a000 	/System/Library/Frameworks/OpenGL.framework/Versions/A/Libraries/libGLImage.dylib
0x00007fff42a38000 	/System/Library/Frameworks/OpenGL.framework/Versions/A/Libraries/libCVMSPluginSupport.dylib
0x00007fff42a41000 	/System/Library/Frameworks/OpenGL.framework/Versions/A/Libraries/libCoreVMClient.dylib
0x00007fff71238000 	/usr/lib/libncurses.5.4.dylib
0x00007fff36bde000 	/System/Library/Frameworks/ApplicationServices.framework/Versions/A/Frameworks/ATS.framework/Versions/A/ATS
0x00007fff36dab000 	/System/Library/Frameworks/ApplicationServices.framework/Versions/A/Frameworks/ColorSyncLegacy.framework/Versions/A/ColorSyncLegacy
0x00007fff36e49000 	/System/Library/Frameworks/ApplicationServices.framework/Versions/A/Frameworks/HIServices.framework/Versions/A/HIServices
0x00007fff36ea1000 	/System/Library/Frameworks/ApplicationServices.framework/Versions/A/Frameworks/LangAnalysis.framework/Versions/A/LangAnalysis
0x00007fff36eb0000 	/System/Library/Frameworks/ApplicationServices.framework/Versions/A/Frameworks/PrintCore.framework/Versions/A/PrintCore
0x00007fff36ef6000 	/System/Library/Frameworks/ApplicationServices.framework/Versions/A/Frameworks/QD.framework/Versions/A/QD
0x00007fff36f01000 	/System/Library/Frameworks/ApplicationServices.framework/Versions/A/Frameworks/SpeechSynthesis.framework/Versions/A/SpeechSynthesis
0x00007fff36d7b000 	/System/Library/Frameworks/ApplicationServices.framework/Versions/A/Frameworks/ATSUI.framework/Versions/A/ATSUI
0x00007fff7067c000 	/usr/lib/libcups.2.dylib
0x00007fff3d4c7000 	/System/Library/Frameworks/Kerberos.framework/Versions/A/Kerberos
0x00007fff3b609000 	/System/Library/Frameworks/GSS.framework/Versions/A/GSS
0x00007fff719bb000 	/usr/lib/libresolv.9.dylib
0x00007fff5b491000 	/System/Library/PrivateFrameworks/Heimdal.framework/Versions/A/Heimdal
0x00007fff3d4da000 	/System/Library/Frameworks/Kerberos.framework/Versions/A/Libraries/libHeimdalProxy.dylib
0x00007fff70823000 	/usr/lib/libheimdal-asn1.dylib
0x00007fff4f799000 	/System/Library/PrivateFrameworks/CommonAuth.framework/Versions/A/CommonAuth
0x00007fff4c9e8000 	/System/Library/PrivateFrameworks/AssertionServices.framework/Versions/A/AssertionServices
0x00007fff4d58b000 	/System/Library/PrivateFrameworks/AudioToolboxCore.framework/Versions/A/AudioToolboxCore
0x00007fff6c641000 	/System/Library/PrivateFrameworks/caulk.framework/Versions/A/caulk
0x00007fff4db54000 	/System/Library/PrivateFrameworks/BaseBoard.framework/Versions/A/BaseBoard
0x00007fff64c8c000 	/System/Library/PrivateFrameworks/RunningBoardServices.framework/Versions/A/RunningBoardServices
0x00007fff61c9d000 	/System/Library/PrivateFrameworks/PersistentConnection.framework/Versions/A/PersistentConnection
0x00007fff64685000 	/System/Library/PrivateFrameworks/ProtocolBuffer.framework/Versions/A/ProtocolBuffer
0x00007fff4f7bd000 	/System/Library/PrivateFrameworks/CommonUtilities.framework/Versions/A/CommonUtilities
0x00007fff4dce2000 	/System/Library/PrivateFrameworks/Bom.framework/Versions/A/Bom
0x00007fff6f477000 	/usr/lib/libAudioToolboxUtility.dylib
0x00007fff4dab2000 	/System/Library/PrivateFrameworks/Backup.framework/Versions/A/Backup
0x00007fff5288f000 	/System/Library/PrivateFrameworks/CrashReporterSupport.framework/Versions/A/CrashReporterSupport
0x00007fff6671e000 	/System/Library/PrivateFrameworks/Sharing.framework/Versions/A/Sharing
0x00007fff4bff6000 	/System/Library/PrivateFrameworks/Apple80211.framework/Versions/A/Apple80211
0x00007fff4d7cf000 	/System/Library/PrivateFrameworks/AuthKit.framework/Versions/A/AuthKit
0x00007fff5259c000 	/System/Library/PrivateFrameworks/CoreUtils.framework/Versions/A/CoreUtils
0x00007fff3ab72000 	/System/Library/Frameworks/CoreWLAN.framework/Versions/A/CoreWLAN
0x00007fff3b796000 	/System/Library/Frameworks/IOBluetooth.framework/Versions/A/IOBluetooth
0x00007fff5f858000 	/System/Library/PrivateFrameworks/MobileKeyBag.framework/Versions/A/MobileKeyBag
0x00007fff513a1000 	/System/Library/PrivateFrameworks/CorePhoneNumbers.framework/Versions/A/CorePhoneNumbers
0x00007fff4c3e6000 	/System/Library/PrivateFrameworks/AppleIDAuthSupport.framework/Versions/A/AppleIDAuthSupport
0x00007fff3f4c8000 	/System/Library/Frameworks/Network.framework/Versions/A/Network
0x00007fff5df26000 	/System/Library/PrivateFrameworks/KeychainCircle.framework/Versions/A/KeychainCircle
0x00007fff385c3000 	/System/Library/Frameworks/CoreBluetooth.framework/Versions/A/CoreBluetooth
0x00007fff6879d000 	/System/Library/PrivateFrameworks/SpeechRecognitionCore.framework/Versions/A/SpeechRecognitionCore
0x0000000109600000 	/Users/amandinelabaeye/Library/Java/JavaVirtualMachines/openjdk-14.0.2/Contents/Home/lib/server/libjvm.dylib
0x00000001085ec000 	/Users/amandinelabaeye/Library/Java/JavaVirtualMachines/openjdk-14.0.2/Contents/Home/lib/libjimage.dylib
0x000000010a38a000 	/Users/amandinelabaeye/Library/Java/JavaVirtualMachines/openjdk-14.0.2/Contents/Home/lib/libinstrument.dylib
0x000000010a39a000 	/Users/amandinelabaeye/Library/Java/JavaVirtualMachines/openjdk-14.0.2/Contents/Home/lib/libjava.dylib
0x000000010a409000 	/Users/amandinelabaeye/Library/Java/JavaVirtualMachines/openjdk-14.0.2/Contents/Home/lib/libzip.dylib
0x000000010fa87000 	/Users/amandinelabaeye/Library/Java/JavaVirtualMachines/openjdk-14.0.2/Contents/Home/lib/libnio.dylib
0x000000010fa9a000 	/Users/amandinelabaeye/Library/Java/JavaVirtualMachines/openjdk-14.0.2/Contents/Home/lib/libnet.dylib
0x000000010fab2000 	/Users/amandinelabaeye/Library/Java/JavaVirtualMachines/openjdk-14.0.2/Contents/Home/lib/libverify.dylib
0x000000010fac1000 	/Users/amandinelabaeye/Library/Java/JavaVirtualMachines/openjdk-14.0.2/Contents/Home/lib/libextnet.dylib
0x000000010fac8000 	/Users/amandinelabaeye/Library/Java/JavaVirtualMachines/openjdk-14.0.2/Contents/Home/lib/libawt.dylib
0x000000010fb64000 	/Users/amandinelabaeye/Library/Java/JavaVirtualMachines/openjdk-14.0.2/Contents/Home/lib/libmlib_image.dylib
0x00007fff3d4b1000 	/System/Library/Frameworks/JavaVM.framework/Versions/A/Frameworks/JavaNativeFoundation.framework/Versions/A/JavaNativeFoundation
0x00007fff3d4ba000 	/System/Library/Frameworks/JavaVM.framework/Versions/A/Frameworks/JavaRuntimeSupport.framework/Versions/A/JavaRuntimeSupport
0x00007fff3d4c2000 	/System/Library/Frameworks/JavaVM.framework/Versions/A/JavaVM
0x00007fff5dd3d000 	/System/Library/PrivateFrameworks/JavaLaunching.framework/Versions/A/JavaLaunching
0x00007fff37794000 	/System/Library/Frameworks/Carbon.framework/Versions/A/Carbon
0x00007fff52341000 	/System/Library/PrivateFrameworks/CoreSymbolication.framework/Versions/A/CoreSymbolication
0x00007fff37795000 	/System/Library/Frameworks/Carbon.framework/Versions/A/Frameworks/CommonPanels.framework/Versions/A/CommonPanels
0x00007fff37a8e000 	/System/Library/Frameworks/Carbon.framework/Versions/A/Frameworks/Help.framework/Versions/A/Help
0x00007fff37a92000 	/System/Library/Frameworks/Carbon.framework/Versions/A/Frameworks/ImageCapture.framework/Versions/A/ImageCapture
0x00007fff37a99000 	/System/Library/Frameworks/Carbon.framework/Versions/A/Frameworks/OpenScripting.framework/Versions/A/OpenScripting
0x00007fff37a98000 	/System/Library/Frameworks/Carbon.framework/Versions/A/Frameworks/Ink.framework/Versions/A/Ink
0x00007fff37ad4000 	/System/Library/Frameworks/Carbon.framework/Versions/A/Frameworks/Print.framework/Versions/A/Print
0x00007fff37ad5000 	/System/Library/Frameworks/Carbon.framework/Versions/A/Frameworks/SecurityHI.framework/Versions/A/SecurityHI
0x00007fff52ac3000 	/System/Library/PrivateFrameworks/DebugSymbols.framework/Versions/A/DebugSymbols
0x000000010fbd0000 	/Users/amandinelabaeye/Library/Java/JavaVirtualMachines/openjdk-14.0.2/Contents/Home/lib/libawt_lwawt.dylib
0x000000010fc82000 	/Users/amandinelabaeye/Library/Java/JavaVirtualMachines/openjdk-14.0.2/Contents/Home/lib/libosxapp.dylib
0x00007fff3b072000 	/System/Library/Frameworks/ExceptionHandling.framework/Versions/A/ExceptionHandling
0x000000010fca9000 	/Users/amandinelabaeye/Library/Java/JavaVirtualMachines/openjdk-14.0.2/Contents/Home/lib/libfontmanager.dylib
0x000000010fdaf000 	/Users/amandinelabaeye/Library/Java/JavaVirtualMachines/openjdk-14.0.2/Contents/Home/lib/libfreetype.dylib
0x00007fff51dba000 	/System/Library/PrivateFrameworks/CoreServicesInternal.framework/Versions/A/CoreServicesInternal
0x00007fff3b091000 	/System/Library/Frameworks/FileProvider.framework/Versions/A/FileProvider
0x00007fff35c24000 	/System/Library/Frameworks/Accounts.framework/Versions/A/Accounts
0x00007fff5a190000 	/System/Library/PrivateFrameworks/GenerationalStorage.framework/Versions/A/GenerationalStorage
0x00007fff68fdf000 	/System/Library/PrivateFrameworks/SymptomDiagnosticReporter.framework/Versions/A/SymptomDiagnosticReporter
0x00007fff4bafa000 	/System/Library/PrivateFrameworks/AppContainer.framework/Versions/A/AppContainer
0x00007fff719d5000 	/usr/lib/libsandbox.1.dylib
0x00007fff6a937000 	/System/Library/PrivateFrameworks/UserManagement.framework/Versions/A/UserManagement
0x00007fff4e89e000 	/System/Library/PrivateFrameworks/ChunkingLibrary.framework/Versions/A/ChunkingLibrary
0x00007fff4bb6c000 	/System/Library/PrivateFrameworks/AppSandbox.framework/Versions/A/AppSandbox
0x00007fff665a8000 	/System/Library/PrivateFrameworks/SecCodeWrapper.framework/Versions/A/SecCodeWrapper
0x00007fff6f88c000 	/usr/lib/libMatch.1.dylib
0x00007fff2bc0c000 	/System/Library/CoreServices/RawCamera.bundle/Contents/MacOS/RawCamera
0x00007fff5f682000 	/System/Library/PrivateFrameworks/MobileAsset.framework/Versions/A/MobileAsset
0x00007fff68e87000 	/System/Library/PrivateFrameworks/StreamingZip.framework/Versions/A/StreamingZip
0x00007fff3d942000 	/System/Library/Frameworks/MediaToolbox.framework/Versions/A/MediaToolbox
0x00007fff502b1000 	/System/Library/PrivateFrameworks/CoreAVCHD.framework/Versions/A/CoreAVCHD
0x00007fff3d86c000 	/System/Library/Frameworks/MediaAccessibility.framework/Versions/A/MediaAccessibility
0x00007fff5ea36000 	/System/Library/PrivateFrameworks/Mangrove.framework/Versions/A/Mangrove
0x00007fff39d3a000 	/System/Library/Frameworks/CoreMedia.framework/Versions/A/CoreMedia
0x00007fff5eca2000 	/System/Library/PrivateFrameworks/MediaExperience.framework/Versions/A/MediaExperience
0x00007fff46818000 	/System/Library/Frameworks/VideoToolbox.framework/Versions/A/VideoToolbox
0x00007fff4fedb000 	/System/Library/PrivateFrameworks/CoreAUC.framework/Versions/A/CoreAUC
0x00007fff71a2d000 	/usr/lib/libspindump.dylib
0x00007fff4cf3a000 	/System/Library/PrivateFrameworks/AudioResourceArbitration.framework/Versions/A/AudioResourceArbitration
0x00007fff4c94f000 	/System/Library/PrivateFrameworks/AppleVA.framework/Versions/A/AppleVA
0x00007fff347a2000 	/System/Library/Frameworks/Accelerate.framework/Versions/A/Frameworks/vImage.framework/Versions/A/Libraries/libCGInterfaces.dylib
0x0000000111206000 	/usr/lib/libobjc-trampolines.dylib
0x00007fff55226000 	/System/Library/PrivateFrameworks/FontServices.framework/libTrueTypeScaler.dylib
0x00007fff3151a000 	/System/Library/Extensions/AppleIntelKBLGraphicsMTLDriver.bundle/Contents/MacOS/AppleIntelKBLGraphicsMTLDriver
0x00007fff587b0000 	/System/Library/PrivateFrameworks/GPUCompiler.framework/Versions/3902/Libraries/libmetal_timestamp.dylib
0x00007fff6b703000 	/System/Library/PrivateFrameworks/ViewBridge.framework/Versions/A/ViewBridge
0x00007fff6c994000 	/System/Library/PrivateFrameworks/login.framework/Versions/A/login
0x000000012dec1000 	/Users/amandinelabaeye/Library/Mobile Documents/com~apple~CloudDocs/GitHub/codingfactory-piscine_studentplugin/resources/lib/liblwjgl.jnilib
0x000000012df3c000 	/Users/amandinelabaeye/Library/Java/JavaVirtualMachines/openjdk-14.0.2/Contents/Home/lib/libjawt.dylib
0x00007fff436ac000 	/System/Library/Frameworks/OpenGL.framework/Versions/A/Resources/GLEngine.bundle/GLEngine
0x00007fff42a8f000 	/System/Library/Frameworks/OpenGL.framework/Versions/A/Libraries/libGLProgrammability.dylib
0x00007fff30512000 	/System/Library/Extensions/AppleIntelKBLGraphicsGLDriver.bundle/Contents/MacOS/AppleIntelKBLGraphicsGLDriver
0x00007fff59e5f000 	/System/Library/PrivateFrameworks/GPUSupport.framework/Versions/A/Libraries/libGPUSupportMercury.dylib
0x00007fff43826000 	/System/Library/Frameworks/OpenGL.framework/Versions/A/Resources/GLRendererFloat.bundle/GLRendererFloat
0x00007fff42048000 	/System/Library/Frameworks/OpenCL.framework/Versions/A/Libraries/libcldcpuengine.dylib


VM Arguments:
jvm_args: -Djava.library.path=lib -javaagent:/Applications/IntelliJ IDEA CE.app/Contents/lib/idea_rt.jar=63927:/Applications/IntelliJ IDEA CE.app/Contents/bin -Dfile.encoding=UTF-8 
java_command: fr.rphstudio.codingdojo.launcher.MainLauncher -window
java_class_path (initial): ./codingdojo.jar:students/Student23-2.1-p.jar:students/Teachers-2.1-p.jar
Launcher Type: SUN_STANDARD

[Global flags]
     intx CICompilerCount                          = 4                                         {product} {ergonomic}
     uint ConcGCThreads                            = 2                                         {product} {ergonomic}
     uint G1ConcRefinementThreads                  = 8                                         {product} {ergonomic}
   size_t G1HeapRegionSize                         = 1048576                                   {product} {ergonomic}
    uintx GCDrainStackTargetSize                   = 64                                        {product} {ergonomic}
   size_t InitialHeapSize                          = 134217728                                 {product} {ergonomic}
   size_t MarkStackSize                            = 4194304                                   {product} {ergonomic}
   size_t MaxHeapSize                              = 2147483648                                {product} {ergonomic}
   size_t MaxNewSize                               = 1287651328                                {product} {ergonomic}
   size_t MinHeapDeltaBytes                        = 1048576                                   {product} {ergonomic}
   size_t MinHeapSize                              = 8388608                                   {product} {ergonomic}
    uintx NonNMethodCodeHeapSize                   = 5839372                                {pd product} {ergonomic}
    uintx NonProfiledCodeHeapSize                  = 122909434                              {pd product} {ergonomic}
    uintx ProfiledCodeHeapSize                     = 122909434                              {pd product} {ergonomic}
    uintx ReservedCodeCacheSize                    = 251658240                              {pd product} {ergonomic}
     bool SegmentedCodeCache                       = true                                      {product} {ergonomic}
   size_t SoftMaxHeapSize                          = 2147483648                             {manageable} {ergonomic}
     bool UseCompressedClassPointers               = true                                 {lp64_product} {ergonomic}
     bool UseCompressedOops                        = true                                 {lp64_product} {ergonomic}
     bool UseG1GC                                  = true                                      {product} {ergonomic}

Logging:
Log output configuration:
 #0: stdout all=warning uptime,level,tags
 #1: stderr all=off uptime,level,tags

Environment Variables:
PATH=/usr/local/bin:/usr/bin:/bin:/usr/sbin:/sbin
SHELL=/bin/zsh

Signal Handlers:
SIGSEGV: [libjvm.dylib+0x7415c8], sa_mask[0]=11111111011111110111111111111111, sa_flags=SA_ONSTACK|SA_RESTART|SA_SIGINFO
SIGBUS: [libjvm.dylib+0x7415c8], sa_mask[0]=11111111011111110111111111111111, sa_flags=SA_RESTART|SA_SIGINFO
SIGFPE: [libjvm.dylib+0x7415c8], sa_mask[0]=11111111011111110111111111111111, sa_flags=SA_RESTART|SA_SIGINFO
SIGPIPE: [libjvm.dylib+0x5eb4c1], sa_mask[0]=11111111011111110111111111111111, sa_flags=SA_RESTART|SA_SIGINFO
SIGXFSZ: [libjvm.dylib+0x5eb4c1], sa_mask[0]=11111111011111110111111111111111, sa_flags=SA_RESTART|SA_SIGINFO
SIGILL: [libjvm.dylib+0x7415c8], sa_mask[0]=11111111011111110111111111111111, sa_flags=SA_RESTART|SA_SIGINFO
SIGUSR2: [libjvm.dylib+0x5eba93], sa_mask[0]=00100000000000000000000000000000, sa_flags=SA_RESTART|SA_SIGINFO
SIGHUP: [libjvm.dylib+0x5eaaf5], sa_mask[0]=11111111011111110111111111111111, sa_flags=SA_RESTART|SA_SIGINFO
SIGINT: [libjvm.dylib+0x5eaaf5], sa_mask[0]=11111111011111110111111111111111, sa_flags=SA_RESTART|SA_SIGINFO
SIGTERM: [libjvm.dylib+0x5eaaf5], sa_mask[0]=11111111011111110111111111111111, sa_flags=SA_RESTART|SA_SIGINFO
SIGQUIT: [libjvm.dylib+0x5eaaf5], sa_mask[0]=11111111011111110111111111111111, sa_flags=SA_RESTART|SA_SIGINFO


---------------  S Y S T E M  ---------------

OS:uname:Darwin 19.6.0 Darwin Kernel Version 19.6.0: Thu Jun 18 20:49:00 PDT 2020; root:xnu-6153.141.1~1/RELEASE_X86_64 x86_64
OS uptime: 14 days 18:41 hours
rlimit: STACK 8192k, CORE 0k, NPROC 1392, NOFILE 10240, AS infinity, DATA infinity, FSIZE infinity
load average:1.88 1.69 1.73

CPU:total 8 (initial active 8) (4 cores per cpu, 2 threads per core) family 6 model 142 stepping 10, cmov, cx8, fxsr, mmx, sse, sse2, sse3, ssse3, sse4.1, sse4.2, popcnt, avx, avx2, aes, clmul, erms, 3dnowpref, lzcnt, ht, tsc, tscinvbit, bmi1, bmi2, adx, fma

Memory: 4k page, physical 8388608k(32356k free), swap 3145728k(821248k free)

vm_info: OpenJDK 64-Bit Server VM (14.0.2+12-46) for bsd-amd64 JRE (14.0.2+12-46), built on Jul  8 2020 23:34:30 by "mach5one" with clang 4.2.1 Compatible Apple LLVM 10.0.0 (clang-1000.11.45.5)

END.
